<?xml version="1.0" encoding="UTF-8"?>
<!-- Generated by org.testng.reporters.JUnitXMLReporter -->
<testsuite ignored="0" hostname="Hari-PC" failures="0" tests="3" name="Surefire test" time="0.04" errors="0" timestamp="2019-11-06T14:28:34 EST">
  <testcase classname="qaclickacademy.AppiumTest" name="test1" time="0.006"/>
  <testcase classname="qaclickacademy.AppiumTest" name="test2" time="0.0"/>
  <testcase classname="qaclickacademy.AppiumTest" name="test3" time="0.0"/>
</testsuite> <!-- Surefire test -->
