<?xml version="1.0" encoding="UTF-8"?>
<!-- Generated by org.testng.reporters.JUnitXMLReporter -->
<testsuite ignored="0" hostname="Hari-PC" failures="0" tests="3" name="Command line test" time="0.042" errors="0" timestamp="2019-11-06T13:53:40 EST">
  <testcase classname="qaclickacademy.AppiumTest" name="test" time="0.006"/>
  <testcase classname="qaclickacademy.restApiTest" name="test" time="0.0"/>
  <testcase classname="qaclickacademy.SeleniumTest" name="test" time="0.0"/>
</testsuite> <!-- Command line test -->
