<?xml version="1.0" encoding="UTF-8"?>
<!-- Generated by org.testng.reporters.JUnitXMLReporter -->
<testsuite ignored="0" hostname="Hari-PC" failures="0" tests="7" name="TestNG" time="0.065" errors="0" timestamp="2019-11-06T14:36:59 EST">
  <testcase classname="qaclickacademy.AppiumTest" name="test1" time="0.01"/>
  <testcase classname="qaclickacademy.AppiumTest" name="test2" time="0.0"/>
  <testcase classname="qaclickacademy.AppiumTest" name="test3" time="0.0"/>
  <testcase classname="qaclickacademy.SeleniumTest" name="test1" time="0.001"/>
  <testcase classname="qaclickacademy.SeleniumTest" name="test2" time="0.001"/>
  <testcase classname="qaclickacademy.restApiTest" name="test1" time="0.0"/>
  <testcase classname="qaclickacademy.restApiTest" name="test2" time="0.0"/>
</testsuite> <!-- TestNG -->
